<?xml version="1.0" encoding="UTF-8"?>
<!-- Generated by org.testng.reporters.JUnitXMLReporter -->
<testsuite ignored="8" hostname="nycs-MBP.lan" failures="0" tests="5" name="Surefire test" time="3.888" errors="0" timestamp="2023-03-21T17:53:44 EDT">
  <testcase classname="progressive.tdd.base.BaseClass" name="@BeforeMethod setUpDriver" time="-1.679435620314E9">
    <failure type="org.testng.TestNGException" message="
Parameter &amp;apos;browser&amp;apos; is required by BeforeMethod on method setUpDriver but has not been marked @Optional or defined
">
      <![CDATA[org.testng.TestNGException: 
Parameter 'browser' is required by BeforeMethod on method setUpDriver but has not been marked @Optional or defined

at java.base/java.util.ArrayList.forEach(ArrayList.java:1541)
... Removed 33 stack frames]]>
    </failure>
  </testcase> <!-- @BeforeMethod setUpDriver -->
  <testcase classname="progressive.tdd.base.BaseClass" name="@AfterMethod getResult" time="0.0">
    <skipped/>
  </testcase> <!-- @AfterMethod getResult -->
  <testcase classname="progressive.tdd.base.BaseClass" name="@AfterMethod tearUp" time="0.0">
    <skipped/>
  </testcase> <!-- @AfterMethod tearUp -->
  <testcase classname="progressive.tdd.base.BaseClass" name="@BeforeMethod setUpDriver" time="-1.679435620335E9">
    <failure type="org.testng.TestNGException" message="
Parameter &amp;apos;browser&amp;apos; is required by BeforeMethod on method setUpDriver but has not been marked @Optional or defined
">
      <![CDATA[org.testng.TestNGException: 
Parameter 'browser' is required by BeforeMethod on method setUpDriver but has not been marked @Optional or defined

at java.base/java.util.ArrayList.forEach(ArrayList.java:1541)
... Removed 33 stack frames]]>
    </failure>
  </testcase> <!-- @BeforeMethod setUpDriver -->
  <testcase classname="progressive.tdd.base.BaseClass" name="@AfterMethod getResult" time="0.0">
    <skipped/>
  </testcase> <!-- @AfterMethod getResult -->
  <testcase classname="progressive.tdd.base.BaseClass" name="@AfterMethod tearUp" time="0.0">
    <skipped/>
  </testcase> <!-- @AfterMethod tearUp -->
  <testcase classname="progressive.tdd.practice.LinearScriptingTest" name="@BeforeMethod init" time="3.758">
    <failure type="org.openqa.selenium.remote.http.ConnectionFailedException" message="Unable to establish websocket connection to http://localhost:49592/devtools/browser/d4421e92-d64c-4a81-8de3-0d18fd7a4e82
Build info: version: &amp;apos;4.7.2&amp;apos;, revision: &amp;apos;4d4020c3b7&amp;apos;
System info: os.name: &amp;apos;Mac OS X&amp;apos;, os.arch: &amp;apos;x86_64&amp;apos;, os.version: &amp;apos;12.6&amp;apos;, java.version: &amp;apos;11.0.16&amp;apos;
Driver info: driver.version: ChromeDriver">
      <![CDATA[org.openqa.selenium.remote.http.ConnectionFailedException: Unable to establish websocket connection to http://localhost:49592/devtools/browser/d4421e92-d64c-4a81-8de3-0d18fd7a4e82
Build info: version: '4.7.2', revision: '4d4020c3b7'
System info: os.name: 'Mac OS X', os.arch: 'x86_64', os.version: '12.6', java.version: '11.0.16'
Driver info: driver.version: ChromeDriver
at org.openqa.selenium.remote.http.netty.NettyWebSocket.<init>(NettyWebSocket.java:102)
at org.openqa.selenium.remote.http.netty.NettyWebSocket.lambda$create$3(NettyWebSocket.java:128)
at org.openqa.selenium.remote.http.netty.NettyClient.openSocket(NettyClient.java:107)
at org.openqa.selenium.devtools.Connection.<init>(Connection.java:78)
at org.openqa.selenium.chromium.ChromiumDriver.lambda$new$2(ChromiumDriver.java:116)
at java.base/java.util.Optional.map(Optional.java:265)
at org.openqa.selenium.chromium.ChromiumDriver.<init>(ChromiumDriver.java:114)
at org.openqa.selenium.chrome.ChromeDriver.<init>(ChromeDriver.java:82)
at org.openqa.selenium.chrome.ChromeDriver.<init>(ChromeDriver.java:50)
at progressive.tdd.practice.LinearScriptingTest.init(LinearScriptingTest.java:19)
at java.base/java.util.ArrayList.forEach(ArrayList.java:1541)
... Removed 36 stack frames]]>
    </failure>
  </testcase> <!-- @BeforeMethod init -->
  <testcase classname="progressive.tdd.test.property.PropertyElementTest" name="createJoinForFreeTest" time="0.0">
    <skipped/>
  </testcase> <!-- createJoinForFreeTest -->
  <testcase classname="progressive.tdd.test.bundle.BundleSaveTest" name="createA_AutoQuote" time="0.001">
    <skipped/>
  </testcase> <!-- createA_AutoQuote -->
  <testcase classname="progressive.tdd.practice.UnitTests" name="folderOps" time="0.001"/>
  <testcase classname="progressive.tdd.practice.UnitTests" name="timeUnitTest" time="0.035"/>
  <testcase classname="progressive.tdd.practice.LinearScriptingTest" name="linearScripting" time="0.0">
    <skipped/>
  </testcase> <!-- linearScripting -->
  <testcase classname="progressive.tdd.practice.UnitTests" name="system_getPropertyTest" time="0.0">
    <ignored/>
  </testcase> <!-- system_getPropertyTest -->
  <testcase classname="progressive.tdd.base.ExtentListener" name="@BeforeSuite initExtentReport" time="0.0">
    <ignored/>
  </testcase> <!-- @BeforeSuite initExtentReport -->
  <testcase classname="progressive.tdd.practice.UnitTests" name="unitTestAutoDataZeroLength" time="0.0">
    <ignored/>
  </testcase> <!-- unitTestAutoDataZeroLength -->
  <testcase classname="progressive.tdd.test.property.PropertyElementTest" name="testRetry" time="0.0">
    <ignored/>
  </testcase> <!-- testRetry -->
  <testcase classname="progressive.tdd.base.ExtentListener" name="@AfterSuite closeReport" time="0.0">
    <ignored/>
  </testcase> <!-- @AfterSuite closeReport -->
  <testcase classname="progressive.tdd.test.property.PropertyElementTest" name="test3" time="0.0">
    <ignored/>
  </testcase> <!-- test3 -->
  <testcase classname="progressive.tdd.test.property.PropertyElementTest" name="test2" time="0.0">
    <ignored/>
  </testcase> <!-- test2 -->
  <testcase classname="progressive.tdd.test.property.PropertyElementTest" name="test1" time="0.0">
    <ignored/>
  </testcase> <!-- test1 -->
</testsuite> <!-- Surefire test -->
