<?xml version="1.0" encoding="UTF-8"?>
<testng-results ignored="16" total="20" passed="3" failed="0" skipped="1">
  <reporter-output>
    <line>
      <![CDATA[Validating ---> Actual : *** Select a product to quote ***. Expected : *** Select a product to quote *** <br>]]>
    </line>
    <line>
      <![CDATA[[[ChromeDriver: chrome on MAC (52400d4d5fa4e72b72f976aaa6596eef)] -> xpath: (//span[@class='last-word'])[2]] -------> has been clicked <br>]]>
    </line>
    <line>
      <![CDATA[11219 <--- This value has been passed into ---> [[ChromeDriver: chrome on MAC (52400d4d5fa4e72b72f976aaa6596eef)] -> xpath: //input[@id='zipCode_overlay_subproducts']] <br>]]>
    </line>
    <line>
      <![CDATA[[[ChromeDriver: chrome on MAC (52400d4d5fa4e72b72f976aaa6596eef)] -> xpath: (//input[@name='qsButton'])[3]] -------> has been clicked <br>]]>
    </line>
    <line>
      <![CDATA[244 Dahill road, Brooklyn ,NY -11219 <--- This value has been passed into ---> [[ChromeDriver: chrome on MAC (52400d4d5fa4e72b72f976aaa6596eef)] -> xpath: //input[@id='singleLineAddress']] <br>]]>
    </line>
    <line>
      <![CDATA[[[ChromeDriver: chrome on MAC (52400d4d5fa4e72b72f976aaa6596eef)] -> xpath: (//input[@id='paButtonSingleLine'])[1]] -------> has been clicked <br>]]>
    </line>
    <line>
      <![CDATA[244 Dahill road <--- This value has been passed into ---> [[ChromeDriver: chrome on MAC (52400d4d5fa4e72b72f976aaa6596eef)] -> xpath: //input[@id='addressLine1Modal']] <br>]]>
    </line>
    <line>
      <![CDATA[Brooklyn <--- This value has been passed into ---> [[ChromeDriver: chrome on MAC (52400d4d5fa4e72b72f976aaa6596eef)] -> xpath: //input[@id='cityModal']] <br>]]>
    </line>
    <line>
      <![CDATA[[[ChromeDriver: chrome on MAC (52400d4d5fa4e72b72f976aaa6596eef)] -> id: paModalButton] -------> has been clicked <br>]]>
    </line>
    <line>
      <![CDATA[Sabrina <--- This value has been passed into ---> [[ChromeDriver: chrome on MAC (52400d4d5fa4e72b72f976aaa6596eef)] -> xpath: //input[@id='PolicyData_FirstName']] <br>]]>
    </line>
    <line>
      <![CDATA[Hasan <--- This value has been passed into ---> [[ChromeDriver: chrome on MAC (52400d4d5fa4e72b72f976aaa6596eef)] -> xpath: (//input[@name='maskedInput'])[3]] <br>]]>
    </line>
    <line>
      <![CDATA[05-12-2001 <--- This value has been passed into ---> [[ChromeDriver: chrome on MAC (52400d4d5fa4e72b72f976aaa6596eef)] -> xpath: //input[@id='PolicyData_DateOfBirth']] <br>]]>
    </line>
    <line>
      <![CDATA[[[ChromeDriver: chrome on MAC (52400d4d5fa4e72b72f976aaa6596eef)] -> xpath: //button[@id='next-button']] -------> has been clicked <br>]]>
    </line>
    <line>
      <![CDATA[Validating ---> Actual : *** Select a product to quote ***. Expected : *** Select a product to quote *** <br>]]>
    </line>
    <line>
      <![CDATA[[[FirefoxDriver: firefox on MAC (96c63fb6-f664-4e09-b8c2-f7074e62608b)] -> xpath: (//span[@class='last-word'])[2]] -------> has been clicked <br>]]>
    </line>
    <line>
      <![CDATA[11219 <--- This value has been passed into ---> [[FirefoxDriver: firefox on MAC (96c63fb6-f664-4e09-b8c2-f7074e62608b)] -> xpath: //input[@id='zipCode_overlay_subproducts']] <br>]]>
    </line>
    <line>
      <![CDATA[[[FirefoxDriver: firefox on MAC (96c63fb6-f664-4e09-b8c2-f7074e62608b)] -> xpath: (//input[@name='qsButton'])[3]] -------> has been clicked <br>]]>
    </line>
    <line>
      <![CDATA[244 Dahill road, Brooklyn ,NY -11219 <--- This value has been passed into ---> [[FirefoxDriver: firefox on MAC (96c63fb6-f664-4e09-b8c2-f7074e62608b)] -> xpath: //input[@id='singleLineAddress']] <br>]]>
    </line>
    <line>
      <![CDATA[[[FirefoxDriver: firefox on MAC (96c63fb6-f664-4e09-b8c2-f7074e62608b)] -> xpath: (//input[@id='paButtonSingleLine'])[1]] -------> has been clicked <br>]]>
    </line>
    <line>
      <![CDATA[244 Dahill road <--- This value has been passed into ---> [[FirefoxDriver: firefox on MAC (96c63fb6-f664-4e09-b8c2-f7074e62608b)] -> xpath: //input[@id='addressLine1Modal']] <br>]]>
    </line>
    <line>
      <![CDATA[Brooklyn <--- This value has been passed into ---> [[FirefoxDriver: firefox on MAC (96c63fb6-f664-4e09-b8c2-f7074e62608b)] -> xpath: //input[@id='cityModal']] <br>]]>
    </line>
    <line>
      <![CDATA[[[FirefoxDriver: firefox on MAC (96c63fb6-f664-4e09-b8c2-f7074e62608b)] -> id: paModalButton] -------> has been clicked <br>]]>
    </line>
    <line>
      <![CDATA[Sabrina <--- This value has been passed into ---> [[FirefoxDriver: firefox on MAC (96c63fb6-f664-4e09-b8c2-f7074e62608b)] -> xpath: //input[@id='PolicyData_FirstName']] <br>]]>
    </line>
    <line>
      <![CDATA[Hasan <--- This value has been passed into ---> [[FirefoxDriver: firefox on MAC (96c63fb6-f664-4e09-b8c2-f7074e62608b)] -> xpath: (//input[@name='maskedInput'])[3]] <br>]]>
    </line>
    <line>
      <![CDATA[05-12-2001 <--- This value has been passed into ---> [[FirefoxDriver: firefox on MAC (96c63fb6-f664-4e09-b8c2-f7074e62608b)] -> xpath: //input[@id='PolicyData_DateOfBirth']] <br>]]>
    </line>
    <line>
      <![CDATA[[[FirefoxDriver: firefox on MAC (96c63fb6-f664-4e09-b8c2-f7074e62608b)] -> xpath: //button[@id='next-button']] -------> has been clicked <br>]]>
    </line>
    <line>
      <![CDATA[Validating ---> Actual : *** Select a product to quote ***. Expected : *** Select a product to quote *** <br>]]>
    </line>
    <line>
      <![CDATA[[[EdgeDriver: msedge on MAC (abc8d450092cce79f4d23d2c4adabc7b)] -> xpath: (//span[@class='last-word'])[2]] -------> has been clicked <br>]]>
    </line>
    <line>
      <![CDATA[11219 <--- This value has been passed into ---> [[EdgeDriver: msedge on MAC (abc8d450092cce79f4d23d2c4adabc7b)] -> xpath: //input[@id='zipCode_overlay_subproducts']] <br>]]>
    </line>
    <line>
      <![CDATA[[[EdgeDriver: msedge on MAC (abc8d450092cce79f4d23d2c4adabc7b)] -> xpath: (//input[@name='qsButton'])[3]] -------> has been clicked <br>]]>
    </line>
    <line>
      <![CDATA[244 Dahill road, Brooklyn ,NY -11219 <--- This value has been passed into ---> [[EdgeDriver: msedge on MAC (abc8d450092cce79f4d23d2c4adabc7b)] -> xpath: //input[@id='singleLineAddress']] <br>]]>
    </line>
    <line>
      <![CDATA[[[EdgeDriver: msedge on MAC (abc8d450092cce79f4d23d2c4adabc7b)] -> xpath: (//input[@id='paButtonSingleLine'])[1]] -------> has been clicked <br>]]>
    </line>
    <line>
      <![CDATA[244 Dahill road <--- This value has been passed into ---> [[EdgeDriver: msedge on MAC (abc8d450092cce79f4d23d2c4adabc7b)] -> xpath: //input[@id='addressLine1Modal']] <br>]]>
    </line>
    <line>
      <![CDATA[Brooklyn <--- This value has been passed into ---> [[EdgeDriver: msedge on MAC (abc8d450092cce79f4d23d2c4adabc7b)] -> xpath: //input[@id='cityModal']] <br>]]>
    </line>
    <line>
      <![CDATA[[[EdgeDriver: msedge on MAC (abc8d450092cce79f4d23d2c4adabc7b)] -> id: paModalButton] -------> has been clicked <br>]]>
    </line>
    <line>
      <![CDATA[Sabrina <--- This value has been passed into ---> [[EdgeDriver: msedge on MAC (abc8d450092cce79f4d23d2c4adabc7b)] -> xpath: //input[@id='PolicyData_FirstName']] <br>]]>
    </line>
    <line>
      <![CDATA[Hasan <--- This value has been passed into ---> [[EdgeDriver: msedge on MAC (abc8d450092cce79f4d23d2c4adabc7b)] -> xpath: (//input[@name='maskedInput'])[3]] <br>]]>
    </line>
    <line>
      <![CDATA[05-12-2001 <--- This value has been passed into ---> [[EdgeDriver: msedge on MAC (abc8d450092cce79f4d23d2c4adabc7b)] -> xpath: //input[@id='PolicyData_DateOfBirth']] <br>]]>
    </line>
    <line>
      <![CDATA[[[EdgeDriver: msedge on MAC (abc8d450092cce79f4d23d2c4adabc7b)] -> xpath: //button[@id='next-button']] -------> has been clicked <br>]]>
    </line>
  </reporter-output>
  <suite started-at="2023-02-17T22:24:35 EST" name="Suite" finished-at="2023-02-17T22:27:15 EST" duration-ms="159905">
    <groups>
      <group name="property">
        <method signature="PropertyElementTest.createJoinForFreeTest()[pri:0, instance:progressive.tdd.test.property.PropertyElementTest@26e356f0]" name="createJoinForFreeTest" class="progressive.tdd.test.property.PropertyElementTest"/>
        <method signature="PropertyElementTest.createJoinForFreeTest()[pri:0, instance:progressive.tdd.test.property.PropertyElementTest@1a942c18]" name="createJoinForFreeTest" class="progressive.tdd.test.property.PropertyElementTest"/>
        <method signature="PropertyElementTest.createJoinForFreeTest()[pri:0, instance:progressive.tdd.test.property.PropertyElementTest@63376bed]" name="createJoinForFreeTest" class="progressive.tdd.test.property.PropertyElementTest"/>
        <method signature="PropertyElementTest.createJoinForFreeTest()[pri:0, instance:progressive.tdd.test.property.PropertyElementTest@3646a422]" name="createJoinForFreeTest" class="progressive.tdd.test.property.PropertyElementTest"/>
      </group> <!-- property -->
    </groups>
    <test started-at="2023-02-17T22:24:35 EST" name="chrome" finished-at="2023-02-17T22:25:24 EST" duration-ms="48921">
      <class name="progressive.tdd.test.property.PropertyElementTest">
        <test-method is-config="true" signature="startExtentReport(java.lang.reflect.Method)[pri:0, instance:progressive.tdd.test.property.PropertyElementTest@26e356f0]" started-at="2023-02-17T22:24:35 EST" name="startExtentReport" finished-at="2023-02-17T22:24:35 EST" duration-ms="5" status="PASS">
          <params>
            <param index="0">
              <value>
                <![CDATA[public void progressive.tdd.test.property.PropertyElementTest.createJoinForFreeTest() throws java.lang.InterruptedException]]>
              </value>
            </param>
          </params>
          <reporter-output>
          </reporter-output>
        </test-method> <!-- startExtentReport -->
        <test-method is-config="true" signature="setUpDriver(java.lang.String)[pri:0, instance:progressive.tdd.test.property.PropertyElementTest@26e356f0]" started-at="2023-02-17T22:24:35 EST" name="setUpDriver" finished-at="2023-02-17T22:24:40 EST" duration-ms="4956" status="PASS">
          <params>
            <param index="0">
              <value>
                <![CDATA[chrome]]>
              </value>
            </param>
          </params>
          <reporter-output>
          </reporter-output>
        </test-method> <!-- setUpDriver -->
        <test-method signature="createJoinForFreeTest()[pri:0, instance:progressive.tdd.test.property.PropertyElementTest@26e356f0]" started-at="2023-02-17T22:24:40 EST" name="createJoinForFreeTest" finished-at="2023-02-17T22:25:24 EST" duration-ms="43587" status="PASS">
          <reporter-output>
            <line>
              <![CDATA[Validating ---> Actual : *** Select a product to quote ***. Expected : *** Select a product to quote *** <br>]]>
            </line>
            <line>
              <![CDATA[[[ChromeDriver: chrome on MAC (52400d4d5fa4e72b72f976aaa6596eef)] -> xpath: (//span[@class='last-word'])[2]] -------> has been clicked <br>]]>
            </line>
            <line>
              <![CDATA[11219 <--- This value has been passed into ---> [[ChromeDriver: chrome on MAC (52400d4d5fa4e72b72f976aaa6596eef)] -> xpath: //input[@id='zipCode_overlay_subproducts']] <br>]]>
            </line>
            <line>
              <![CDATA[[[ChromeDriver: chrome on MAC (52400d4d5fa4e72b72f976aaa6596eef)] -> xpath: (//input[@name='qsButton'])[3]] -------> has been clicked <br>]]>
            </line>
            <line>
              <![CDATA[244 Dahill road, Brooklyn ,NY -11219 <--- This value has been passed into ---> [[ChromeDriver: chrome on MAC (52400d4d5fa4e72b72f976aaa6596eef)] -> xpath: //input[@id='singleLineAddress']] <br>]]>
            </line>
            <line>
              <![CDATA[[[ChromeDriver: chrome on MAC (52400d4d5fa4e72b72f976aaa6596eef)] -> xpath: (//input[@id='paButtonSingleLine'])[1]] -------> has been clicked <br>]]>
            </line>
            <line>
              <![CDATA[244 Dahill road <--- This value has been passed into ---> [[ChromeDriver: chrome on MAC (52400d4d5fa4e72b72f976aaa6596eef)] -> xpath: //input[@id='addressLine1Modal']] <br>]]>
            </line>
            <line>
              <![CDATA[Brooklyn <--- This value has been passed into ---> [[ChromeDriver: chrome on MAC (52400d4d5fa4e72b72f976aaa6596eef)] -> xpath: //input[@id='cityModal']] <br>]]>
            </line>
            <line>
              <![CDATA[[[ChromeDriver: chrome on MAC (52400d4d5fa4e72b72f976aaa6596eef)] -> id: paModalButton] -------> has been clicked <br>]]>
            </line>
            <line>
              <![CDATA[Sabrina <--- This value has been passed into ---> [[ChromeDriver: chrome on MAC (52400d4d5fa4e72b72f976aaa6596eef)] -> xpath: //input[@id='PolicyData_FirstName']] <br>]]>
            </line>
            <line>
              <![CDATA[Hasan <--- This value has been passed into ---> [[ChromeDriver: chrome on MAC (52400d4d5fa4e72b72f976aaa6596eef)] -> xpath: (//input[@name='maskedInput'])[3]] <br>]]>
            </line>
            <line>
              <![CDATA[05-12-2001 <--- This value has been passed into ---> [[ChromeDriver: chrome on MAC (52400d4d5fa4e72b72f976aaa6596eef)] -> xpath: //input[@id='PolicyData_DateOfBirth']] <br>]]>
            </line>
            <line>
              <![CDATA[[[ChromeDriver: chrome on MAC (52400d4d5fa4e72b72f976aaa6596eef)] -> xpath: //button[@id='next-button']] -------> has been clicked <br>]]>
            </line>
          </reporter-output>
        </test-method> <!-- createJoinForFreeTest -->
        <test-method is-config="true" signature="tearUp()[pri:0, instance:progressive.tdd.test.property.PropertyElementTest@26e356f0]" started-at="2023-02-17T22:25:24 EST" name="tearUp" finished-at="2023-02-17T22:25:24 EST" duration-ms="342" status="PASS">
          <reporter-output>
          </reporter-output>
        </test-method> <!-- tearUp -->
        <test-method is-config="true" signature="getResult(org.testng.ITestResult,java.lang.reflect.Method)[pri:0, instance:progressive.tdd.test.property.PropertyElementTest@26e356f0]" started-at="2023-02-17T22:25:24 EST" name="getResult" finished-at="2023-02-17T22:25:24 EST" duration-ms="0" status="PASS">
          <params>
            <param index="0">
              <value>
                <![CDATA[[TestResult name=createJoinForFreeTest status=SUCCESS method=PropertyElementTest.createJoinForFreeTest()[pri:0, instance:progressive.tdd.test.property.PropertyElementTest@26e356f0] output=Validating ---> Actual : *** Select a product to quote ***. Expected : *** Select a product to quote *** <br>]]]>
              </value>
            </param>
            <param index="1">
              <value>
                <![CDATA[public void progressive.tdd.test.property.PropertyElementTest.createJoinForFreeTest() throws java.lang.InterruptedException]]>
              </value>
            </param>
          </params>
          <reporter-output>
          </reporter-output>
        </test-method> <!-- getResult -->
      </class> <!-- progressive.tdd.test.property.PropertyElementTest -->
    </test> <!-- chrome -->
    <test started-at="2023-02-17T22:25:24 EST" name="firefox" finished-at="2023-02-17T22:26:15 EST" duration-ms="50649">
      <class name="progressive.tdd.test.property.PropertyElementTest">
        <test-method is-config="true" signature="startExtentReport(java.lang.reflect.Method)[pri:0, instance:progressive.tdd.test.property.PropertyElementTest@1a942c18]" started-at="2023-02-17T22:25:24 EST" name="startExtentReport" finished-at="2023-02-17T22:25:24 EST" duration-ms="0" status="PASS">
          <params>
            <param index="0">
              <value>
                <![CDATA[public void progressive.tdd.test.property.PropertyElementTest.createJoinForFreeTest() throws java.lang.InterruptedException]]>
              </value>
            </param>
          </params>
          <reporter-output>
          </reporter-output>
        </test-method> <!-- startExtentReport -->
        <test-method is-config="true" signature="setUpDriver(java.lang.String)[pri:0, instance:progressive.tdd.test.property.PropertyElementTest@1a942c18]" started-at="2023-02-17T22:25:24 EST" name="setUpDriver" finished-at="2023-02-17T22:25:31 EST" duration-ms="6638" status="PASS">
          <params>
            <param index="0">
              <value>
                <![CDATA[firefox]]>
              </value>
            </param>
          </params>
          <reporter-output>
          </reporter-output>
        </test-method> <!-- setUpDriver -->
        <test-method signature="createJoinForFreeTest()[pri:0, instance:progressive.tdd.test.property.PropertyElementTest@1a942c18]" started-at="2023-02-17T22:25:31 EST" name="createJoinForFreeTest" finished-at="2023-02-17T22:26:14 EST" duration-ms="43231" status="PASS">
          <reporter-output>
            <line>
              <![CDATA[Validating ---> Actual : *** Select a product to quote ***. Expected : *** Select a product to quote *** <br>]]>
            </line>
            <line>
              <![CDATA[[[FirefoxDriver: firefox on MAC (96c63fb6-f664-4e09-b8c2-f7074e62608b)] -> xpath: (//span[@class='last-word'])[2]] -------> has been clicked <br>]]>
            </line>
            <line>
              <![CDATA[11219 <--- This value has been passed into ---> [[FirefoxDriver: firefox on MAC (96c63fb6-f664-4e09-b8c2-f7074e62608b)] -> xpath: //input[@id='zipCode_overlay_subproducts']] <br>]]>
            </line>
            <line>
              <![CDATA[[[FirefoxDriver: firefox on MAC (96c63fb6-f664-4e09-b8c2-f7074e62608b)] -> xpath: (//input[@name='qsButton'])[3]] -------> has been clicked <br>]]>
            </line>
            <line>
              <![CDATA[244 Dahill road, Brooklyn ,NY -11219 <--- This value has been passed into ---> [[FirefoxDriver: firefox on MAC (96c63fb6-f664-4e09-b8c2-f7074e62608b)] -> xpath: //input[@id='singleLineAddress']] <br>]]>
            </line>
            <line>
              <![CDATA[[[FirefoxDriver: firefox on MAC (96c63fb6-f664-4e09-b8c2-f7074e62608b)] -> xpath: (//input[@id='paButtonSingleLine'])[1]] -------> has been clicked <br>]]>
            </line>
            <line>
              <![CDATA[244 Dahill road <--- This value has been passed into ---> [[FirefoxDriver: firefox on MAC (96c63fb6-f664-4e09-b8c2-f7074e62608b)] -> xpath: //input[@id='addressLine1Modal']] <br>]]>
            </line>
            <line>
              <![CDATA[Brooklyn <--- This value has been passed into ---> [[FirefoxDriver: firefox on MAC (96c63fb6-f664-4e09-b8c2-f7074e62608b)] -> xpath: //input[@id='cityModal']] <br>]]>
            </line>
            <line>
              <![CDATA[[[FirefoxDriver: firefox on MAC (96c63fb6-f664-4e09-b8c2-f7074e62608b)] -> id: paModalButton] -------> has been clicked <br>]]>
            </line>
            <line>
              <![CDATA[Sabrina <--- This value has been passed into ---> [[FirefoxDriver: firefox on MAC (96c63fb6-f664-4e09-b8c2-f7074e62608b)] -> xpath: //input[@id='PolicyData_FirstName']] <br>]]>
            </line>
            <line>
              <![CDATA[Hasan <--- This value has been passed into ---> [[FirefoxDriver: firefox on MAC (96c63fb6-f664-4e09-b8c2-f7074e62608b)] -> xpath: (//input[@name='maskedInput'])[3]] <br>]]>
            </line>
            <line>
              <![CDATA[05-12-2001 <--- This value has been passed into ---> [[FirefoxDriver: firefox on MAC (96c63fb6-f664-4e09-b8c2-f7074e62608b)] -> xpath: //input[@id='PolicyData_DateOfBirth']] <br>]]>
            </line>
            <line>
              <![CDATA[[[FirefoxDriver: firefox on MAC (96c63fb6-f664-4e09-b8c2-f7074e62608b)] -> xpath: //button[@id='next-button']] -------> has been clicked <br>]]>
            </line>
          </reporter-output>
        </test-method> <!-- createJoinForFreeTest -->
        <test-method is-config="true" signature="getResult(org.testng.ITestResult,java.lang.reflect.Method)[pri:0, instance:progressive.tdd.test.property.PropertyElementTest@1a942c18]" started-at="2023-02-17T22:26:14 EST" name="getResult" finished-at="2023-02-17T22:26:14 EST" duration-ms="1" status="PASS">
          <params>
            <param index="0">
              <value>
                <![CDATA[[TestResult name=createJoinForFreeTest status=SUCCESS method=PropertyElementTest.createJoinForFreeTest()[pri:0, instance:progressive.tdd.test.property.PropertyElementTest@1a942c18] output=Validating ---> Actual : *** Select a product to quote ***. Expected : *** Select a product to quote *** <br>]]]>
              </value>
            </param>
            <param index="1">
              <value>
                <![CDATA[public void progressive.tdd.test.property.PropertyElementTest.createJoinForFreeTest() throws java.lang.InterruptedException]]>
              </value>
            </param>
          </params>
          <reporter-output>
          </reporter-output>
        </test-method> <!-- getResult -->
        <test-method is-config="true" signature="tearUp()[pri:0, instance:progressive.tdd.test.property.PropertyElementTest@1a942c18]" started-at="2023-02-17T22:26:14 EST" name="tearUp" finished-at="2023-02-17T22:26:15 EST" duration-ms="776" status="PASS">
          <reporter-output>
          </reporter-output>
        </test-method> <!-- tearUp -->
      </class> <!-- progressive.tdd.test.property.PropertyElementTest -->
    </test> <!-- firefox -->
    <test started-at="2023-02-17T22:26:15 EST" name="edge" finished-at="2023-02-17T22:27:14 EST" duration-ms="58937">
      <class name="progressive.tdd.test.property.PropertyElementTest">
        <test-method is-config="true" signature="setUpDriver(java.lang.String)[pri:0, instance:progressive.tdd.test.property.PropertyElementTest@63376bed]" started-at="2023-02-17T22:26:15 EST" name="setUpDriver" finished-at="2023-02-17T22:26:31 EST" duration-ms="15816" status="PASS">
          <params>
            <param index="0">
              <value>
                <![CDATA[edge]]>
              </value>
            </param>
          </params>
          <reporter-output>
          </reporter-output>
        </test-method> <!-- setUpDriver -->
        <test-method is-config="true" signature="startExtentReport(java.lang.reflect.Method)[pri:0, instance:progressive.tdd.test.property.PropertyElementTest@63376bed]" started-at="2023-02-17T22:26:15 EST" name="startExtentReport" finished-at="2023-02-17T22:26:15 EST" duration-ms="0" status="PASS">
          <params>
            <param index="0">
              <value>
                <![CDATA[public void progressive.tdd.test.property.PropertyElementTest.createJoinForFreeTest() throws java.lang.InterruptedException]]>
              </value>
            </param>
          </params>
          <reporter-output>
          </reporter-output>
        </test-method> <!-- startExtentReport -->
        <test-method signature="createJoinForFreeTest()[pri:0, instance:progressive.tdd.test.property.PropertyElementTest@63376bed]" started-at="2023-02-17T22:26:31 EST" name="createJoinForFreeTest" finished-at="2023-02-17T22:27:14 EST" duration-ms="42920" status="PASS">
          <reporter-output>
            <line>
              <![CDATA[Validating ---> Actual : *** Select a product to quote ***. Expected : *** Select a product to quote *** <br>]]>
            </line>
            <line>
              <![CDATA[[[EdgeDriver: msedge on MAC (abc8d450092cce79f4d23d2c4adabc7b)] -> xpath: (//span[@class='last-word'])[2]] -------> has been clicked <br>]]>
            </line>
            <line>
              <![CDATA[11219 <--- This value has been passed into ---> [[EdgeDriver: msedge on MAC (abc8d450092cce79f4d23d2c4adabc7b)] -> xpath: //input[@id='zipCode_overlay_subproducts']] <br>]]>
            </line>
            <line>
              <![CDATA[[[EdgeDriver: msedge on MAC (abc8d450092cce79f4d23d2c4adabc7b)] -> xpath: (//input[@name='qsButton'])[3]] -------> has been clicked <br>]]>
            </line>
            <line>
              <![CDATA[244 Dahill road, Brooklyn ,NY -11219 <--- This value has been passed into ---> [[EdgeDriver: msedge on MAC (abc8d450092cce79f4d23d2c4adabc7b)] -> xpath: //input[@id='singleLineAddress']] <br>]]>
            </line>
            <line>
              <![CDATA[[[EdgeDriver: msedge on MAC (abc8d450092cce79f4d23d2c4adabc7b)] -> xpath: (//input[@id='paButtonSingleLine'])[1]] -------> has been clicked <br>]]>
            </line>
            <line>
              <![CDATA[244 Dahill road <--- This value has been passed into ---> [[EdgeDriver: msedge on MAC (abc8d450092cce79f4d23d2c4adabc7b)] -> xpath: //input[@id='addressLine1Modal']] <br>]]>
            </line>
            <line>
              <![CDATA[Brooklyn <--- This value has been passed into ---> [[EdgeDriver: msedge on MAC (abc8d450092cce79f4d23d2c4adabc7b)] -> xpath: //input[@id='cityModal']] <br>]]>
            </line>
            <line>
              <![CDATA[[[EdgeDriver: msedge on MAC (abc8d450092cce79f4d23d2c4adabc7b)] -> id: paModalButton] -------> has been clicked <br>]]>
            </line>
            <line>
              <![CDATA[Sabrina <--- This value has been passed into ---> [[EdgeDriver: msedge on MAC (abc8d450092cce79f4d23d2c4adabc7b)] -> xpath: //input[@id='PolicyData_FirstName']] <br>]]>
            </line>
            <line>
              <![CDATA[Hasan <--- This value has been passed into ---> [[EdgeDriver: msedge on MAC (abc8d450092cce79f4d23d2c4adabc7b)] -> xpath: (//input[@name='maskedInput'])[3]] <br>]]>
            </line>
            <line>
              <![CDATA[05-12-2001 <--- This value has been passed into ---> [[EdgeDriver: msedge on MAC (abc8d450092cce79f4d23d2c4adabc7b)] -> xpath: //input[@id='PolicyData_DateOfBirth']] <br>]]>
            </line>
            <line>
              <![CDATA[[[EdgeDriver: msedge on MAC (abc8d450092cce79f4d23d2c4adabc7b)] -> xpath: //button[@id='next-button']] -------> has been clicked <br>]]>
            </line>
          </reporter-output>
        </test-method> <!-- createJoinForFreeTest -->
        <test-method is-config="true" signature="getResult(org.testng.ITestResult,java.lang.reflect.Method)[pri:0, instance:progressive.tdd.test.property.PropertyElementTest@63376bed]" started-at="2023-02-17T22:27:14 EST" name="getResult" finished-at="2023-02-17T22:27:14 EST" duration-ms="1" status="PASS">
          <params>
            <param index="0">
              <value>
                <![CDATA[[TestResult name=createJoinForFreeTest status=SUCCESS method=PropertyElementTest.createJoinForFreeTest()[pri:0, instance:progressive.tdd.test.property.PropertyElementTest@63376bed] output=Validating ---> Actual : *** Select a product to quote ***. Expected : *** Select a product to quote *** <br>]]]>
              </value>
            </param>
            <param index="1">
              <value>
                <![CDATA[public void progressive.tdd.test.property.PropertyElementTest.createJoinForFreeTest() throws java.lang.InterruptedException]]>
              </value>
            </param>
          </params>
          <reporter-output>
          </reporter-output>
        </test-method> <!-- getResult -->
        <test-method is-config="true" signature="tearUp()[pri:0, instance:progressive.tdd.test.property.PropertyElementTest@63376bed]" started-at="2023-02-17T22:27:14 EST" name="tearUp" finished-at="2023-02-17T22:27:14 EST" duration-ms="197" status="PASS">
          <reporter-output>
          </reporter-output>
        </test-method> <!-- tearUp -->
      </class> <!-- progressive.tdd.test.property.PropertyElementTest -->
    </test> <!-- edge -->
    <test started-at="2023-02-17T22:27:14 EST" name="safari" finished-at="2023-02-17T22:27:15 EST" duration-ms="1353">
      <class name="progressive.tdd.test.property.PropertyElementTest">
        <test-method is-config="true" signature="initExtentReport()[pri:0, instance:progressive.tdd.test.property.PropertyElementTest@3646a422]" started-at="2023-02-17T22:24:35 EST" name="initExtentReport" finished-at="2023-02-17T22:24:35 EST" duration-ms="244" status="PASS">
          <reporter-output>
          </reporter-output>
        </test-method> <!-- initExtentReport -->
        <test-method is-config="true" signature="startExtentReport(java.lang.reflect.Method)[pri:0, instance:progressive.tdd.test.property.PropertyElementTest@3646a422]" started-at="2023-02-17T22:27:14 EST" name="startExtentReport" finished-at="2023-02-17T22:27:14 EST" duration-ms="0" status="PASS">
          <params>
            <param index="0">
              <value>
                <![CDATA[public void progressive.tdd.test.property.PropertyElementTest.createJoinForFreeTest() throws java.lang.InterruptedException]]>
              </value>
            </param>
          </params>
          <reporter-output>
          </reporter-output>
        </test-method> <!-- startExtentReport -->
        <test-method is-config="true" signature="setUpDriver(java.lang.String)[pri:0, instance:progressive.tdd.test.property.PropertyElementTest@3646a422]" started-at="2023-02-17T22:27:14 EST" name="setUpDriver" finished-at="2023-02-17T22:27:15 EST" duration-ms="1187" status="FAIL">
          <params>
            <param index="0">
              <value>
                <![CDATA[safari]]>
              </value>
            </param>
          </params>
          <exception class="org.openqa.selenium.SessionNotCreatedException">
            <message>
              <![CDATA[Could not start a new session. Response code 500. Message: Could not create a session: You must enable the 'Allow Remote Automation' option in Safari's Develop menu to control Safari via WebDriver. 
Host info: host: 'nycs-MBP.lan', ip: 'fd39:9aad:a425:0:18b2:b81c:bb9a:5247%en0'
Build info: version: '4.7.2', revision: '4d4020c3b7'
System info: os.name: 'Mac OS X', os.arch: 'x86_64', os.version: '12.6', java.version: '11.0.16'
Driver info: org.openqa.selenium.safari.SafariDriver
Command: [null, newSession {capabilities=[Capabilities {browserName: safari}], desiredCapabilities=Capabilities {browserName: safari}}]
Capabilities {}]]>
            </message>
            <full-stacktrace>
              <![CDATA[org.openqa.selenium.SessionNotCreatedException: Could not start a new session. Response code 500. Message: Could not create a session: You must enable the 'Allow Remote Automation' option in Safari's Develop menu to control Safari via WebDriver. 
Host info: host: 'nycs-MBP.lan', ip: 'fd39:9aad:a425:0:18b2:b81c:bb9a:5247%en0'
Build info: version: '4.7.2', revision: '4d4020c3b7'
System info: os.name: 'Mac OS X', os.arch: 'x86_64', os.version: '12.6', java.version: '11.0.16'
Driver info: org.openqa.selenium.safari.SafariDriver
Command: [null, newSession {capabilities=[Capabilities {browserName: safari}], desiredCapabilities=Capabilities {browserName: safari}}]
Capabilities {}
at org.openqa.selenium.remote.ProtocolHandshake.createSession(ProtocolHandshake.java:148)
at org.openqa.selenium.remote.ProtocolHandshake.createSession(ProtocolHandshake.java:106)
at org.openqa.selenium.remote.ProtocolHandshake.createSession(ProtocolHandshake.java:67)
at org.openqa.selenium.remote.HttpCommandExecutor.execute(HttpCommandExecutor.java:156)
at org.openqa.selenium.remote.service.DriverCommandExecutor.invokeExecute(DriverCommandExecutor.java:167)
at org.openqa.selenium.remote.service.DriverCommandExecutor.execute(DriverCommandExecutor.java:142)
at org.openqa.selenium.remote.RemoteWebDriver.execute(RemoteWebDriver.java:535)
at org.openqa.selenium.remote.RemoteWebDriver.startSession(RemoteWebDriver.java:228)
at org.openqa.selenium.remote.RemoteWebDriver.<init>(RemoteWebDriver.java:156)
at org.openqa.selenium.safari.SafariDriver.<init>(SafariDriver.java:79)
at org.openqa.selenium.safari.SafariDriver.<init>(SafariDriver.java:58)
at org.openqa.selenium.safari.SafariDriver.<init>(SafariDriver.java:49)
at progressive.tdd.base.BaseClass.initDriver(BaseClass.java:87)
at progressive.tdd.base.BaseClass.setUpDriver(BaseClass.java:53)
at java.base/jdk.internal.reflect.NativeMethodAccessorImpl.invoke0(Native Method)
at java.base/jdk.internal.reflect.NativeMethodAccessorImpl.invoke(NativeMethodAccessorImpl.java:62)
at java.base/jdk.internal.reflect.DelegatingMethodAccessorImpl.invoke(DelegatingMethodAccessorImpl.java:43)
at java.base/java.lang.reflect.Method.invoke(Method.java:566)
at org.testng.internal.invokers.MethodInvocationHelper.invokeMethod(MethodInvocationHelper.java:135)
at org.testng.internal.invokers.MethodInvocationHelper.invokeMethodConsideringTimeout(MethodInvocationHelper.java:65)
at org.testng.internal.invokers.ConfigInvoker.invokeConfigurationMethod(ConfigInvoker.java:381)
at org.testng.internal.invokers.ConfigInvoker.invokeConfigurations(ConfigInvoker.java:319)
at org.testng.internal.invokers.TestInvoker.runConfigMethods(TestInvoker.java:803)
at org.testng.internal.invokers.TestInvoker.invokeMethod(TestInvoker.java:589)
at org.testng.internal.invokers.TestInvoker.invokeTestMethod(TestInvoker.java:220)
at org.testng.internal.invokers.MethodRunner.runInSequence(MethodRunner.java:50)
at org.testng.internal.invokers.TestInvoker$MethodInvocationAgent.invoke(TestInvoker.java:945)
at org.testng.internal.invokers.TestInvoker.invokeTestMethods(TestInvoker.java:193)
at org.testng.internal.invokers.TestMethodWorker.invokeTestMethods(TestMethodWorker.java:146)
at org.testng.internal.invokers.TestMethodWorker.run(TestMethodWorker.java:128)
at java.base/java.util.ArrayList.forEach(ArrayList.java:1541)
at org.testng.TestRunner.privateRun(TestRunner.java:808)
at org.testng.TestRunner.run(TestRunner.java:603)
at org.testng.SuiteRunner.runTest(SuiteRunner.java:429)
at org.testng.SuiteRunner.runSequentially(SuiteRunner.java:423)
at org.testng.SuiteRunner.privateRun(SuiteRunner.java:383)
at org.testng.SuiteRunner.run(SuiteRunner.java:326)
at org.testng.SuiteRunnerWorker.runSuite(SuiteRunnerWorker.java:52)
at org.testng.SuiteRunnerWorker.run(SuiteRunnerWorker.java:95)
at org.testng.TestNG.runSuitesSequentially(TestNG.java:1249)
at org.testng.TestNG.runSuitesLocally(TestNG.java:1169)
at org.testng.TestNG.runSuites(TestNG.java:1092)
at org.testng.TestNG.run(TestNG.java:1060)
at org.testng.remote.AbstractRemoteTestNG.run(AbstractRemoteTestNG.java:115)
at org.testng.remote.RemoteTestNG.initAndRun(RemoteTestNG.java:251)
at org.testng.remote.RemoteTestNG.main(RemoteTestNG.java:77)
]]>
            </full-stacktrace>
          </exception> <!-- org.openqa.selenium.SessionNotCreatedException -->
          <reporter-output>
          </reporter-output>
        </test-method> <!-- setUpDriver -->
        <test-method signature="createJoinForFreeTest()[pri:0, instance:progressive.tdd.test.property.PropertyElementTest@3646a422]" started-at="2023-02-17T22:27:15 EST" name="createJoinForFreeTest" finished-at="2023-02-17T22:27:15 EST" duration-ms="0" status="SKIP">
          <exception class="org.openqa.selenium.SessionNotCreatedException">
            <message>
              <![CDATA[Could not start a new session. Response code 500. Message: Could not create a session: You must enable the 'Allow Remote Automation' option in Safari's Develop menu to control Safari via WebDriver. 
Host info: host: 'nycs-MBP.lan', ip: 'fd39:9aad:a425:0:18b2:b81c:bb9a:5247%en0'
Build info: version: '4.7.2', revision: '4d4020c3b7'
System info: os.name: 'Mac OS X', os.arch: 'x86_64', os.version: '12.6', java.version: '11.0.16'
Driver info: org.openqa.selenium.safari.SafariDriver
Command: [null, newSession {capabilities=[Capabilities {browserName: safari}], desiredCapabilities=Capabilities {browserName: safari}}]
Capabilities {}]]>
            </message>
            <full-stacktrace>
              <![CDATA[org.openqa.selenium.SessionNotCreatedException: Could not start a new session. Response code 500. Message: Could not create a session: You must enable the 'Allow Remote Automation' option in Safari's Develop menu to control Safari via WebDriver. 
Host info: host: 'nycs-MBP.lan', ip: 'fd39:9aad:a425:0:18b2:b81c:bb9a:5247%en0'
Build info: version: '4.7.2', revision: '4d4020c3b7'
System info: os.name: 'Mac OS X', os.arch: 'x86_64', os.version: '12.6', java.version: '11.0.16'
Driver info: org.openqa.selenium.safari.SafariDriver
Command: [null, newSession {capabilities=[Capabilities {browserName: safari}], desiredCapabilities=Capabilities {browserName: safari}}]
Capabilities {}
at org.openqa.selenium.remote.ProtocolHandshake.createSession(ProtocolHandshake.java:148)
at org.openqa.selenium.remote.ProtocolHandshake.createSession(ProtocolHandshake.java:106)
at org.openqa.selenium.remote.ProtocolHandshake.createSession(ProtocolHandshake.java:67)
at org.openqa.selenium.remote.HttpCommandExecutor.execute(HttpCommandExecutor.java:156)
at org.openqa.selenium.remote.service.DriverCommandExecutor.invokeExecute(DriverCommandExecutor.java:167)
at org.openqa.selenium.remote.service.DriverCommandExecutor.execute(DriverCommandExecutor.java:142)
at org.openqa.selenium.remote.RemoteWebDriver.execute(RemoteWebDriver.java:535)
at org.openqa.selenium.remote.RemoteWebDriver.startSession(RemoteWebDriver.java:228)
at org.openqa.selenium.remote.RemoteWebDriver.<init>(RemoteWebDriver.java:156)
at org.openqa.selenium.safari.SafariDriver.<init>(SafariDriver.java:79)
at org.openqa.selenium.safari.SafariDriver.<init>(SafariDriver.java:58)
at org.openqa.selenium.safari.SafariDriver.<init>(SafariDriver.java:49)
at progressive.tdd.base.BaseClass.initDriver(BaseClass.java:87)
at progressive.tdd.base.BaseClass.setUpDriver(BaseClass.java:53)
at java.base/jdk.internal.reflect.NativeMethodAccessorImpl.invoke0(Native Method)
at java.base/jdk.internal.reflect.NativeMethodAccessorImpl.invoke(NativeMethodAccessorImpl.java:62)
at java.base/jdk.internal.reflect.DelegatingMethodAccessorImpl.invoke(DelegatingMethodAccessorImpl.java:43)
at java.base/java.lang.reflect.Method.invoke(Method.java:566)
at org.testng.internal.invokers.MethodInvocationHelper.invokeMethod(MethodInvocationHelper.java:135)
at org.testng.internal.invokers.MethodInvocationHelper.invokeMethodConsideringTimeout(MethodInvocationHelper.java:65)
at org.testng.internal.invokers.ConfigInvoker.invokeConfigurationMethod(ConfigInvoker.java:381)
at org.testng.internal.invokers.ConfigInvoker.invokeConfigurations(ConfigInvoker.java:319)
at org.testng.internal.invokers.TestInvoker.runConfigMethods(TestInvoker.java:803)
at org.testng.internal.invokers.TestInvoker.invokeMethod(TestInvoker.java:589)
at org.testng.internal.invokers.TestInvoker.invokeTestMethod(TestInvoker.java:220)
at org.testng.internal.invokers.MethodRunner.runInSequence(MethodRunner.java:50)
at org.testng.internal.invokers.TestInvoker$MethodInvocationAgent.invoke(TestInvoker.java:945)
at org.testng.internal.invokers.TestInvoker.invokeTestMethods(TestInvoker.java:193)
at org.testng.internal.invokers.TestMethodWorker.invokeTestMethods(TestMethodWorker.java:146)
at org.testng.internal.invokers.TestMethodWorker.run(TestMethodWorker.java:128)
at java.base/java.util.ArrayList.forEach(ArrayList.java:1541)
at org.testng.TestRunner.privateRun(TestRunner.java:808)
at org.testng.TestRunner.run(TestRunner.java:603)
at org.testng.SuiteRunner.runTest(SuiteRunner.java:429)
at org.testng.SuiteRunner.runSequentially(SuiteRunner.java:423)
at org.testng.SuiteRunner.privateRun(SuiteRunner.java:383)
at org.testng.SuiteRunner.run(SuiteRunner.java:326)
at org.testng.SuiteRunnerWorker.runSuite(SuiteRunnerWorker.java:52)
at org.testng.SuiteRunnerWorker.run(SuiteRunnerWorker.java:95)
at org.testng.TestNG.runSuitesSequentially(TestNG.java:1249)
at org.testng.TestNG.runSuitesLocally(TestNG.java:1169)
at org.testng.TestNG.runSuites(TestNG.java:1092)
at org.testng.TestNG.run(TestNG.java:1060)
at org.testng.remote.AbstractRemoteTestNG.run(AbstractRemoteTestNG.java:115)
at org.testng.remote.RemoteTestNG.initAndRun(RemoteTestNG.java:251)
at org.testng.remote.RemoteTestNG.main(RemoteTestNG.java:77)
]]>
            </full-stacktrace>
          </exception> <!-- org.openqa.selenium.SessionNotCreatedException -->
          <reporter-output>
          </reporter-output>
        </test-method> <!-- createJoinForFreeTest -->
        <test-method is-config="true" signature="getResult(org.testng.ITestResult,java.lang.reflect.Method)[pri:0, instance:progressive.tdd.test.property.PropertyElementTest@3646a422]" started-at="2023-02-17T22:27:15 EST" name="getResult" finished-at="2023-02-17T22:27:15 EST" duration-ms="0" status="SKIP">
          <reporter-output>
          </reporter-output>
        </test-method> <!-- getResult -->
        <test-method is-config="true" signature="tearUp()[pri:0, instance:progressive.tdd.test.property.PropertyElementTest@3646a422]" started-at="2023-02-17T22:27:15 EST" name="tearUp" finished-at="2023-02-17T22:27:15 EST" duration-ms="0" status="SKIP">
          <reporter-output>
          </reporter-output>
        </test-method> <!-- tearUp -->
        <test-method is-config="true" signature="closeReport()[pri:0, instance:progressive.tdd.test.property.PropertyElementTest@3646a422]" started-at="2023-02-17T22:27:15 EST" name="closeReport" finished-at="2023-02-17T22:27:16 EST" duration-ms="880" status="PASS">
          <reporter-output>
          </reporter-output>
        </test-method> <!-- closeReport -->
      </class> <!-- progressive.tdd.test.property.PropertyElementTest -->
    </test> <!-- safari -->
  </suite> <!-- Suite -->
</testng-results>
