<?xml version="1.0" encoding="UTF-8"?>
<!-- Generated by org.testng.reporters.JUnitReportReporter -->
<testsuite hostname="nycs-MBP.lan" failures="0" tests="21" name="progressive.tdd.test.property.PropertyElementTest" time="159.657" errors="1" timestamp="2023-02-17T22:27:17 EST" skipped="17">
  <testcase classname="progressive.tdd.test.property.PropertyElementTest" name="createJoinForFreeTest" time="58.934"/>
  <system-out>
    <![CDATA[Validating ---> Actual : *** Select a product to quote ***. Expected : *** Select a product to quote *** <br>
[[EdgeDriver: msedge on MAC (abc8d450092cce79f4d23d2c4adabc7b)] -> xpath: (//span[@class='last-word'])[2]] -------> has been clicked <br>
11219 <--- This value has been passed into ---> [[EdgeDriver: msedge on MAC (abc8d450092cce79f4d23d2c4adabc7b)] -> xpath: //input[@id='zipCode_overlay_subproducts']] <br>
[[EdgeDriver: msedge on MAC (abc8d450092cce79f4d23d2c4adabc7b)] -> xpath: (//input[@name='qsButton'])[3]] -------> has been clicked <br>
244 Dahill road, Brooklyn ,NY -11219 <--- This value has been passed into ---> [[EdgeDriver: msedge on MAC (abc8d450092cce79f4d23d2c4adabc7b)] -> xpath: //input[@id='singleLineAddress']] <br>
[[EdgeDriver: msedge on MAC (abc8d450092cce79f4d23d2c4adabc7b)] -> xpath: (//input[@id='paButtonSingleLine'])[1]] -------> has been clicked <br>
244 Dahill road <--- This value has been passed into ---> [[EdgeDriver: msedge on MAC (abc8d450092cce79f4d23d2c4adabc7b)] -> xpath: //input[@id='addressLine1Modal']] <br>
Brooklyn <--- This value has been passed into ---> [[EdgeDriver: msedge on MAC (abc8d450092cce79f4d23d2c4adabc7b)] -> xpath: //input[@id='cityModal']] <br>
[[EdgeDriver: msedge on MAC (abc8d450092cce79f4d23d2c4adabc7b)] -> id: paModalButton] -------> has been clicked <br>
Sabrina <--- This value has been passed into ---> [[EdgeDriver: msedge on MAC (abc8d450092cce79f4d23d2c4adabc7b)] -> xpath: //input[@id='PolicyData_FirstName']] <br>
Hasan <--- This value has been passed into ---> [[EdgeDriver: msedge on MAC (abc8d450092cce79f4d23d2c4adabc7b)] -> xpath: (//input[@name='maskedInput'])[3]] <br>
05-12-2001 <--- This value has been passed into ---> [[EdgeDriver: msedge on MAC (abc8d450092cce79f4d23d2c4adabc7b)] -> xpath: //input[@id='PolicyData_DateOfBirth']] <br>
[[EdgeDriver: msedge on MAC (abc8d450092cce79f4d23d2c4adabc7b)] -> xpath: //button[@id='next-button']] -------> has been clicked <br>]]>
  </system-out>
  <testcase classname="progressive.tdd.test.property.PropertyElementTest" name="createJoinForFreeTest" time="48.890"/>
  <system-out>
    <![CDATA[Validating ---> Actual : *** Select a product to quote ***. Expected : *** Select a product to quote *** <br>
[[ChromeDriver: chrome on MAC (52400d4d5fa4e72b72f976aaa6596eef)] -> xpath: (//span[@class='last-word'])[2]] -------> has been clicked <br>
11219 <--- This value has been passed into ---> [[ChromeDriver: chrome on MAC (52400d4d5fa4e72b72f976aaa6596eef)] -> xpath: //input[@id='zipCode_overlay_subproducts']] <br>
[[ChromeDriver: chrome on MAC (52400d4d5fa4e72b72f976aaa6596eef)] -> xpath: (//input[@name='qsButton'])[3]] -------> has been clicked <br>
244 Dahill road, Brooklyn ,NY -11219 <--- This value has been passed into ---> [[ChromeDriver: chrome on MAC (52400d4d5fa4e72b72f976aaa6596eef)] -> xpath: //input[@id='singleLineAddress']] <br>
[[ChromeDriver: chrome on MAC (52400d4d5fa4e72b72f976aaa6596eef)] -> xpath: (//input[@id='paButtonSingleLine'])[1]] -------> has been clicked <br>
244 Dahill road <--- This value has been passed into ---> [[ChromeDriver: chrome on MAC (52400d4d5fa4e72b72f976aaa6596eef)] -> xpath: //input[@id='addressLine1Modal']] <br>
Brooklyn <--- This value has been passed into ---> [[ChromeDriver: chrome on MAC (52400d4d5fa4e72b72f976aaa6596eef)] -> xpath: //input[@id='cityModal']] <br>
[[ChromeDriver: chrome on MAC (52400d4d5fa4e72b72f976aaa6596eef)] -> id: paModalButton] -------> has been clicked <br>
Sabrina <--- This value has been passed into ---> [[ChromeDriver: chrome on MAC (52400d4d5fa4e72b72f976aaa6596eef)] -> xpath: //input[@id='PolicyData_FirstName']] <br>
Hasan <--- This value has been passed into ---> [[ChromeDriver: chrome on MAC (52400d4d5fa4e72b72f976aaa6596eef)] -> xpath: (//input[@name='maskedInput'])[3]] <br>
05-12-2001 <--- This value has been passed into ---> [[ChromeDriver: chrome on MAC (52400d4d5fa4e72b72f976aaa6596eef)] -> xpath: //input[@id='PolicyData_DateOfBirth']] <br>
[[ChromeDriver: chrome on MAC (52400d4d5fa4e72b72f976aaa6596eef)] -> xpath: //button[@id='next-button']] -------> has been clicked <br>]]>
  </system-out>
  <testcase classname="progressive.tdd.test.property.PropertyElementTest" name="setUpDriver" time="1.187">
    <error message="Could not start a new session. Response code 500. Message: Could not create a session: You must enable the &#039;Allow Remote Automation&#039; option in Safari&#039;s Develop menu to control Safari via WebDriver. 
Host info: host: &#039;nycs-MBP.lan&#039;, ip: &#039;fd39:9aad:a425:0:18b2:b81c:bb9a:5247%en0&#039;
Build info: version: &#039;4.7.2&#039;, revision: &#039;4d4020c3b7&#039;
System info: os.name: &#039;Mac OS X&#039;, os.arch: &#039;x86_64&#039;, os.version: &#039;12.6&#039;, java.version: &#039;11.0.16&#039;
Driver info: org.openqa.selenium.safari.SafariDriver
Command: [null, newSession {capabilities=[Capabilities {browserName: safari}], desiredCapabilities=Capabilities {browserName: safari}}]
Capabilities {}" type="org.openqa.selenium.SessionNotCreatedException">
      <![CDATA[org.openqa.selenium.SessionNotCreatedException: Could not start a new session. Response code 500. Message: Could not create a session: You must enable the 'Allow Remote Automation' option in Safari's Develop menu to control Safari via WebDriver. 
Host info: host: 'nycs-MBP.lan', ip: 'fd39:9aad:a425:0:18b2:b81c:bb9a:5247%en0'
Build info: version: '4.7.2', revision: '4d4020c3b7'
System info: os.name: 'Mac OS X', os.arch: 'x86_64', os.version: '12.6', java.version: '11.0.16'
Driver info: org.openqa.selenium.safari.SafariDriver
Command: [null, newSession {capabilities=[Capabilities {browserName: safari}], desiredCapabilities=Capabilities {browserName: safari}}]
Capabilities {}
at org.openqa.selenium.remote.ProtocolHandshake.createSession(ProtocolHandshake.java:148)
at org.openqa.selenium.remote.ProtocolHandshake.createSession(ProtocolHandshake.java:106)
at org.openqa.selenium.remote.ProtocolHandshake.createSession(ProtocolHandshake.java:67)
at org.openqa.selenium.remote.HttpCommandExecutor.execute(HttpCommandExecutor.java:156)
at org.openqa.selenium.remote.service.DriverCommandExecutor.invokeExecute(DriverCommandExecutor.java:167)
at org.openqa.selenium.remote.service.DriverCommandExecutor.execute(DriverCommandExecutor.java:142)
at org.openqa.selenium.remote.RemoteWebDriver.execute(RemoteWebDriver.java:535)
at org.openqa.selenium.remote.RemoteWebDriver.startSession(RemoteWebDriver.java:228)
at org.openqa.selenium.remote.RemoteWebDriver.<init>(RemoteWebDriver.java:156)
at org.openqa.selenium.safari.SafariDriver.<init>(SafariDriver.java:79)
at org.openqa.selenium.safari.SafariDriver.<init>(SafariDriver.java:58)
at org.openqa.selenium.safari.SafariDriver.<init>(SafariDriver.java:49)
at progressive.tdd.base.BaseClass.initDriver(BaseClass.java:87)
at progressive.tdd.base.BaseClass.setUpDriver(BaseClass.java:53)
at java.base/jdk.internal.reflect.NativeMethodAccessorImpl.invoke0(Native Method)
at java.base/jdk.internal.reflect.NativeMethodAccessorImpl.invoke(NativeMethodAccessorImpl.java:62)
at java.base/jdk.internal.reflect.DelegatingMethodAccessorImpl.invoke(DelegatingMethodAccessorImpl.java:43)
at java.base/java.lang.reflect.Method.invoke(Method.java:566)
at org.testng.internal.invokers.MethodInvocationHelper.invokeMethod(MethodInvocationHelper.java:135)
at org.testng.internal.invokers.MethodInvocationHelper.invokeMethodConsideringTimeout(MethodInvocationHelper.java:65)
at org.testng.internal.invokers.ConfigInvoker.invokeConfigurationMethod(ConfigInvoker.java:381)
at org.testng.internal.invokers.ConfigInvoker.invokeConfigurations(ConfigInvoker.java:319)
at org.testng.internal.invokers.TestInvoker.runConfigMethods(TestInvoker.java:803)
at org.testng.internal.invokers.TestInvoker.invokeMethod(TestInvoker.java:589)
at org.testng.internal.invokers.TestInvoker.invokeTestMethod(TestInvoker.java:220)
at org.testng.internal.invokers.MethodRunner.runInSequence(MethodRunner.java:50)
at org.testng.internal.invokers.TestInvoker$MethodInvocationAgent.invoke(TestInvoker.java:945)
at org.testng.internal.invokers.TestInvoker.invokeTestMethods(TestInvoker.java:193)
at org.testng.internal.invokers.TestMethodWorker.invokeTestMethods(TestMethodWorker.java:146)
at org.testng.internal.invokers.TestMethodWorker.run(TestMethodWorker.java:128)
at java.base/java.util.ArrayList.forEach(ArrayList.java:1541)
at org.testng.TestRunner.privateRun(TestRunner.java:808)
at org.testng.TestRunner.run(TestRunner.java:603)
at org.testng.SuiteRunner.runTest(SuiteRunner.java:429)
at org.testng.SuiteRunner.runSequentially(SuiteRunner.java:423)
at org.testng.SuiteRunner.privateRun(SuiteRunner.java:383)
at org.testng.SuiteRunner.run(SuiteRunner.java:326)
at org.testng.SuiteRunnerWorker.runSuite(SuiteRunnerWorker.java:52)
at org.testng.SuiteRunnerWorker.run(SuiteRunnerWorker.java:95)
at org.testng.TestNG.runSuitesSequentially(TestNG.java:1249)
at org.testng.TestNG.runSuitesLocally(TestNG.java:1169)
at org.testng.TestNG.runSuites(TestNG.java:1092)
at org.testng.TestNG.run(TestNG.java:1060)
at org.testng.remote.AbstractRemoteTestNG.run(AbstractRemoteTestNG.java:115)
at org.testng.remote.RemoteTestNG.initAndRun(RemoteTestNG.java:251)
at org.testng.remote.RemoteTestNG.main(RemoteTestNG.java:77)
]]>
    </error>
  </testcase> <!-- setUpDriver -->
  <system-out/>
  <testcase classname="progressive.tdd.test.property.PropertyElementTest" name="createJoinForFreeTest" time="0.000">
    <skipped/>
  </testcase> <!-- createJoinForFreeTest -->
  <system-out/>
  <testcase classname="progressive.tdd.test.property.PropertyElementTest" name="createJoinForFreeTest" time="50.646"/>
  <system-out>
    <![CDATA[Validating ---> Actual : *** Select a product to quote ***. Expected : *** Select a product to quote *** <br>
[[FirefoxDriver: firefox on MAC (96c63fb6-f664-4e09-b8c2-f7074e62608b)] -> xpath: (//span[@class='last-word'])[2]] -------> has been clicked <br>
11219 <--- This value has been passed into ---> [[FirefoxDriver: firefox on MAC (96c63fb6-f664-4e09-b8c2-f7074e62608b)] -> xpath: //input[@id='zipCode_overlay_subproducts']] <br>
[[FirefoxDriver: firefox on MAC (96c63fb6-f664-4e09-b8c2-f7074e62608b)] -> xpath: (//input[@name='qsButton'])[3]] -------> has been clicked <br>
244 Dahill road, Brooklyn ,NY -11219 <--- This value has been passed into ---> [[FirefoxDriver: firefox on MAC (96c63fb6-f664-4e09-b8c2-f7074e62608b)] -> xpath: //input[@id='singleLineAddress']] <br>
[[FirefoxDriver: firefox on MAC (96c63fb6-f664-4e09-b8c2-f7074e62608b)] -> xpath: (//input[@id='paButtonSingleLine'])[1]] -------> has been clicked <br>
244 Dahill road <--- This value has been passed into ---> [[FirefoxDriver: firefox on MAC (96c63fb6-f664-4e09-b8c2-f7074e62608b)] -> xpath: //input[@id='addressLine1Modal']] <br>
Brooklyn <--- This value has been passed into ---> [[FirefoxDriver: firefox on MAC (96c63fb6-f664-4e09-b8c2-f7074e62608b)] -> xpath: //input[@id='cityModal']] <br>
[[FirefoxDriver: firefox on MAC (96c63fb6-f664-4e09-b8c2-f7074e62608b)] -> id: paModalButton] -------> has been clicked <br>
Sabrina <--- This value has been passed into ---> [[FirefoxDriver: firefox on MAC (96c63fb6-f664-4e09-b8c2-f7074e62608b)] -> xpath: //input[@id='PolicyData_FirstName']] <br>
Hasan <--- This value has been passed into ---> [[FirefoxDriver: firefox on MAC (96c63fb6-f664-4e09-b8c2-f7074e62608b)] -> xpath: (//input[@name='maskedInput'])[3]] <br>
05-12-2001 <--- This value has been passed into ---> [[FirefoxDriver: firefox on MAC (96c63fb6-f664-4e09-b8c2-f7074e62608b)] -> xpath: //input[@id='PolicyData_DateOfBirth']] <br>
[[FirefoxDriver: firefox on MAC (96c63fb6-f664-4e09-b8c2-f7074e62608b)] -> xpath: //button[@id='next-button']] -------> has been clicked <br>]]>
  </system-out>
  <testcase classname="progressive.tdd.test.property.PropertyElementTest" name="test1">
    <skipped/>
  </testcase> <!-- test1 -->
  <system-out/>
  <testcase classname="progressive.tdd.test.property.PropertyElementTest" name="test2">
    <skipped/>
  </testcase> <!-- test2 -->
  <system-out/>
  <testcase classname="progressive.tdd.test.property.PropertyElementTest" name="test3">
    <skipped/>
  </testcase> <!-- test3 -->
  <system-out/>
  <testcase classname="progressive.tdd.test.property.PropertyElementTest" name="testRetry">
    <skipped/>
  </testcase> <!-- testRetry -->
  <system-out/>
  <testcase classname="progressive.tdd.test.property.PropertyElementTest" name="test1">
    <skipped/>
  </testcase> <!-- test1 -->
  <system-out/>
  <testcase classname="progressive.tdd.test.property.PropertyElementTest" name="test3">
    <skipped/>
  </testcase> <!-- test3 -->
  <system-out/>
  <testcase classname="progressive.tdd.test.property.PropertyElementTest" name="testRetry">
    <skipped/>
  </testcase> <!-- testRetry -->
  <system-out/>
  <testcase classname="progressive.tdd.test.property.PropertyElementTest" name="test3">
    <skipped/>
  </testcase> <!-- test3 -->
  <system-out/>
  <testcase classname="progressive.tdd.test.property.PropertyElementTest" name="test2">
    <skipped/>
  </testcase> <!-- test2 -->
  <system-out/>
  <testcase classname="progressive.tdd.test.property.PropertyElementTest" name="test2">
    <skipped/>
  </testcase> <!-- test2 -->
  <system-out/>
  <testcase classname="progressive.tdd.test.property.PropertyElementTest" name="testRetry">
    <skipped/>
  </testcase> <!-- testRetry -->
  <system-out/>
  <testcase classname="progressive.tdd.test.property.PropertyElementTest" name="test3">
    <skipped/>
  </testcase> <!-- test3 -->
  <system-out/>
  <testcase classname="progressive.tdd.test.property.PropertyElementTest" name="test2">
    <skipped/>
  </testcase> <!-- test2 -->
  <system-out/>
  <testcase classname="progressive.tdd.test.property.PropertyElementTest" name="test1">
    <skipped/>
  </testcase> <!-- test1 -->
  <system-out/>
  <testcase classname="progressive.tdd.test.property.PropertyElementTest" name="test1">
    <skipped/>
  </testcase> <!-- test1 -->
  <system-out/>
  <testcase classname="progressive.tdd.test.property.PropertyElementTest" name="testRetry">
    <skipped/>
  </testcase> <!-- testRetry -->
  <system-out/>
</testsuite> <!-- progressive.tdd.test.property.PropertyElementTest -->
